
  %3 = alloca i32, align 4
  %4 = alloca %struct.tiff*, align 8
  %5 = alloca i32, align 4
  %6 = alloca %struct.TIFFDirectory*, align 8
  %7 = alloca i64, align 8
  %8 = alloca i64, align 8
  %9 = alloca i64, align 8
  %10 = alloca i64, align 8
  store %struct.tiff* %0, %struct.tiff** %4, align 8
  call void @llvm.dbg.declare(metadata %struct.tiff** %4, metadata !8035, metadata !DIExpression()), !dbg !8036
  store i32 %1, i32* %5, align 4
  call void @llvm.dbg.declare(metadata i32* %5, metadata !8037, metadata !DIExpression()), !dbg !8038
  call void @llvm.dbg.declare(metadata %struct.TIFFDirectory** %6, metadata !8039, metadata !DIExpression()), !dbg !8041
  %11 = load %struct.tiff*, %struct.tiff** %4, align 8, !dbg !8042
  %12 = getelementptr inbounds %struct.tiff, %struct.tiff* %11, i32 0, i32 9, !dbg !8043
  store %struct.TIFFDirectory* %12, %struct.TIFFDirectory** %6, align 8, !dbg !8041
  %13 = load %struct.tiff*, %struct.tiff** %4, align 8, !dbg !8044
  %14 = call i32 bitcast (i32 (%struct.tiff.50*)* @_TIFFFillStriles to i32 (%struct.tiff*)*)(%struct.tiff* %13), !dbg !8046
  %15 = icmp ne i32 %14, 0, !dbg !8046
  br i1 %15, label %16, label %22, !dbg !8047


16:                                               ; preds = %2
  %17 = load %struct.tiff*, %struct.tiff** %4, align 8, !dbg !8048
  %18 = getelementptr inbounds %struct.tiff, %struct.tiff* %17, i32 0, i32 9, !dbg !8049
  %19 = getelementptr inbounds %struct.TIFFDirectory, %struct.TIFFDirectory* %18, i32 0, i32 35, !dbg !8050
  %20 = load i64*, i64** %19, align 8, !dbg !8050
  %21 = icmp ne i64* %20, null, !dbg !8048
  br i1 %21, label %23, label %22, !dbg !8051


23:                                               ; preds = %16
  %24 = load %struct.tiff*, %struct.tiff** %4, align 8, !dbg !8053
  %25 = getelementptr inbounds %struct.tiff, %struct.tiff* %24, i32 0, i32 3, !dbg !8055
  %26 = load i32, i32* %25, align 8, !dbg !8055
  %27 = and i32 %26, 131072, !dbg !8056
  %28 = icmp eq i32 %27, 0, !dbg !8057
  br i1 %28, label %29, label %294, !dbg !8058


29:                                               ; preds = %23
  call void @llvm.dbg.declare(metadata i64* %7, metadata !8059, metadata !DIExpression()), !dbg !8061
  %30 = load %struct.TIFFDirectory*, %struct.TIFFDirectory** %6, align 8, !dbg !8062
  %31 = getelementptr inbounds %struct.TIFFDirectory, %struct.TIFFDirectory* %30, i32 0, i32 35, !dbg !8063
  %32 = load i64*, i64** %31, align 8, !dbg !8063
  %33 = load i32, i32* %5, align 4, !dbg !8064
  %34 = zext i32 %33 to i64, !dbg !8062
  %35 = getelementptr inbounds i64, i64* %32, i64 %34, !dbg !8062
  %36 = load i64, i64* %35, align 8, !dbg !8062
  store i64 %36, i64* %7, align 8, !dbg !8061
  %37 = load i64, i64* %7, align 8, !dbg !8065
  %38 = icmp sle i64 %37, 0, !dbg !8067
  br i1 %38, label %39, label %46, !dbg !8068


46:                                               ; preds = %29
  %47 = load i64, i64* %7, align 8, !dbg !8077
  %48 = icmp ugt i64 %47, 1048576, !dbg !8079
  br i1 %48, label %49, label %77, !dbg !8080


49:                                               ; preds = %46
  call void @llvm.dbg.declare(metadata i64* %8, metadata !8081, metadata !DIExpression()), !dbg !8083
  %50 = load %struct.tiff*, %struct.tiff** %4, align 8, !dbg !8084
  %51 = call i64 @TIFFTileSize(%struct.tiff* %50), !dbg !8085
  store i64 %51, i64* %8, align 8, !dbg !8083
  %52 = load i64, i64* %8, align 8, !dbg !8086
  %53 = icmp ne i64 %52, 0, !dbg !8088
  br i1 %53, label %54, label %76, !dbg !8089


54:                                               ; preds = %49
  %55 = load i64, i64* %7, align 8, !dbg !8090
  %56 = sub i64 %55, 4096, !dbg !8091
  %57 = udiv i64 %56, 10, !dbg !8092
  %58 = load i64, i64* %8, align 8, !dbg !8093
  %59 = icmp ugt i64 %57, %58, !dbg !8094
  br i1 %59, label %60, label %76, !dbg !8095


60:                                               ; preds = %54
  call void @llvm.dbg.declare(metadata i64* %9, metadata !8096, metadata !DIExpression()), !dbg !8098
  %61 = load i64, i64* %8, align 8, !dbg !8099
  %62 = mul i64 %61, 10, !dbg !8100
  %63 = add i64 %62, 4096, !dbg !8101
  store i64 %63, i64* %9, align 8, !dbg !8098
  %64 = load i64, i64* %9, align 8, !dbg !8102
  %65 = icmp sge i64 %64, 0, !dbg !8104
  br i1 %65, label %66, label %75, !dbg !8105


77:                                               ; preds = %76, %46
  %78 = load %struct.tiff*, %struct.tiff** %4, align 8, !dbg !8119
  %79 = getelementptr inbounds %struct.tiff, %struct.tiff* %78, i32 0, i32 3, !dbg !8119
  %80 = load i32, i32* %79, align 8, !dbg !8119
  %81 = and i32 %80, 2048, !dbg !8119
  %82 = icmp ne i32 %81, 0, !dbg !8119
  br i1 %82, label %83, label %107, !dbg !8121


83:                                               ; preds = %77
  %84 = load i64, i64* %7, align 8, !dbg !8122
  %85 = load %struct.tiff*, %struct.tiff** %4, align 8, !dbg !8125
  %86 = getelementptr inbounds %struct.tiff, %struct.tiff* %85, i32 0, i32 52, !dbg !8126
  %87 = load i64, i64* %86, align 8, !dbg !8126
  %88 = icmp ugt i64 %84, %87, !dbg !8127
  br i1 %88, label %103, label %89, !dbg !8128


89:                                               ; preds = %83
  %90 = load %struct.TIFFDirectory*, %struct.TIFFDirectory** %6, align 8, !dbg !8129
  %91 = getelementptr inbounds %struct.TIFFDirectory, %struct.TIFFDirectory* %90, i32 0, i32 34, !dbg !8130
  %92 = load i64*, i64** %91, align 8, !dbg !8130
  %93 = load i32, i32* %5, align 4, !dbg !8131
  %94 = zext i32 %93 to i64, !dbg !8129
  %95 = getelementptr inbounds i64, i64* %92, i64 %94, !dbg !8129
  %96 = load i64, i64* %95, align 8, !dbg !8129
  %97 = load %struct.tiff*, %struct.tiff** %4, align 8, !dbg !8132
  %98 = getelementptr inbounds %struct.tiff, %struct.tiff* %97, i32 0, i32 52, !dbg !8133
  %99 = load i64, i64* %98, align 8, !dbg !8133
  %100 = load i64, i64* %7, align 8, !dbg !8134
  %101 = sub i64 %99, %100, !dbg !8135
  %102 = icmp ugt i64 %96, %101, !dbg !8136
  br i1 %102, label %103, label %106, !dbg !8137


107:                                              ; preds = %106, %77
  %108 = load %struct.tiff*, %struct.tiff** %4, align 8, !dbg !8144
  %109 = getelementptr inbounds %struct.tiff, %struct.tiff* %108, i32 0, i32 3, !dbg !8144
  %110 = load i32, i32* %109, align 8, !dbg !8144
  %111 = and i32 %110, 2048, !dbg !8144
  %112 = icmp ne i32 %111, 0, !dbg !8144
  br i1 %112, label %113, label %178, !dbg !8146


113:                                              ; preds = %107
  %114 = load %struct.tiff*, %struct.tiff** %4, align 8, !dbg !8147
  %115 = getelementptr inbounds %struct.tiff, %struct.tiff* %114, i32 0, i32 3, !dbg !8147
  %116 = load i32, i32* %115, align 8, !dbg !8147
  %117 = load %struct.TIFFDirectory*, %struct.TIFFDirectory** %6, align 8, !dbg !8147
  %118 = getelementptr inbounds %struct.TIFFDirectory, %struct.TIFFDirectory* %117, i32 0, i32 13, !dbg !8147
  %119 = load i16, i16* %118, align 2, !dbg !8147
  %120 = zext i16 %119 to i32, !dbg !8147
  %121 = and i32 %116, %120, !dbg !8147
  %122 = icmp ne i32 %121, 0, !dbg !8147
  br i1 %122, label %129, label %123, !dbg !8148


123:                                              ; preds = %113
  %124 = load %struct.tiff*, %struct.tiff** %4, align 8, !dbg !8149
  %125 = getelementptr inbounds %struct.tiff, %struct.tiff* %124, i32 0, i32 3, !dbg !8150
  %126 = load i32, i32* %125, align 8, !dbg !8150
  %127 = and i32 %126, 256, !dbg !8151
  %128 = icmp ne i32 %127, 0, !dbg !8151
  br i1 %128, label %129, label %178, !dbg !8152


129:                                              ; preds = %123, %113
  %130 = load %struct.tiff*, %struct.tiff** %4, align 8, !dbg !8153
  %131 = getelementptr inbounds %struct.tiff, %struct.tiff* %130, i32 0, i32 3, !dbg !8156
  %132 = load i32, i32* %131, align 8, !dbg !8156
  %133 = and i32 %132, 512, !dbg !8157
  %134 = icmp ne i32 %133, 0, !dbg !8157
  br i1 %134, label %135, label %148, !dbg !8158


135:                                              ; preds = %129
  %136 = load %struct.tiff*, %struct.tiff** %4, align 8, !dbg !8159
  %137 = getelementptr inbounds %struct.tiff, %struct.tiff* %136, i32 0, i32 45, !dbg !8160
  %138 = load i8*, i8** %137, align 8, !dbg !8160
  %139 = icmp ne i8* %138, null, !dbg !8159
  br i1 %139, label %140, label %148, !dbg !8161


178:                                              ; preds = %123, %107
  call void @llvm.dbg.declare(metadata i64* %10, metadata !8200, metadata !DIExpression()), !dbg !8202
  %179 = load i64, i64* %7, align 8, !dbg !8203
  store i64 %179, i64* %10, align 8, !dbg !8204
  %180 = load i64, i64* %10, align 8, !dbg !8205
  %181 = load i64, i64* %7, align 8, !dbg !8207
  %182 = icmp ne i64 %180, %181, !dbg !8208
  br i1 %182, label %183, label %187, !dbg !8209


187:                                              ; preds = %178
  %188 = load i64, i64* %10, align 8, !dbg !8215
  %189 = load %struct.tiff*, %struct.tiff** %4, align 8, !dbg !8217
  %190 = getelementptr inbounds %struct.tiff, %struct.tiff* %189, i32 0, i32 46, !dbg !8218
  %191 = load i64, i64* %190, align 8, !dbg !8218
  %192 = icmp sgt i64 %188, %191, !dbg !8219
  br i1 %192, label %193, label %208, !dbg !8220


193:                                              ; preds = %187
  %194 = load %struct.tiff*, %struct.tiff** %4, align 8, !dbg !8221
  %195 = getelementptr inbounds %struct.tiff, %struct.tiff* %194, i32 0, i32 21, !dbg !8223
  store i32 -1, i32* %195, align 4, !dbg !8224
  %196 = load %struct.tiff*, %struct.tiff** %4, align 8, !dbg !8225
  %197 = getelementptr inbounds %struct.tiff, %struct.tiff* %196, i32 0, i32 3, !dbg !8227
  %198 = load i32, i32* %197, align 8, !dbg !8227
  %199 = and i32 %198, 512, !dbg !8228
  %200 = icmp eq i32 %199, 0, !dbg !8229
  br i1 %200, label %201, label %207, !dbg !8230


208:                                              ; preds = %207, %187
  %209 = load %struct.tiff*, %struct.tiff** %4, align 8, !dbg !8239
  %210 = getelementptr inbounds %struct.tiff, %struct.tiff* %209, i32 0, i32 3, !dbg !8241
  %211 = load i32, i32* %210, align 8, !dbg !8241
  %212 = and i32 %211, 8388608, !dbg !8242
  %213 = icmp ne i32 %212, 0, !dbg !8242
  br i1 %213, label %214, label %225, !dbg !8243


225:                                              ; preds = %214, %208
  %226 = load %struct.tiff*, %struct.tiff** %4, align 8, !dbg !8258
  %227 = getelementptr inbounds %struct.tiff, %struct.tiff* %226, i32 0, i32 3, !dbg !8258
  %228 = load i32, i32* %227, align 8, !dbg !8258
  %229 = and i32 %228, 2048, !dbg !8258
  %230 = icmp ne i32 %229, 0, !dbg !8258
  br i1 %230, label %231, label %255, !dbg !8260


231:                                              ; preds = %225
  %232 = load i64, i64* %10, align 8, !dbg !8261
  %233 = load %struct.tiff*, %struct.tiff** %4, align 8, !dbg !8264
  %234 = getelementptr inbounds %struct.tiff, %struct.tiff* %233, i32 0, i32 46, !dbg !8265
  %235 = load i64, i64* %234, align 8, !dbg !8265
  %236 = icmp sgt i64 %232, %235, !dbg !8266
  br i1 %236, label %237, label %243, !dbg !8267


237:                                              ; preds = %231
  %238 = load %struct.tiff*, %struct.tiff** %4, align 8, !dbg !8268
  %239 = load i64, i64* %10, align 8, !dbg !8269
  %240 = call i32 @TIFFReadBufferSetup(%struct.tiff* %238, i8* null, i64 %239), !dbg !8270
  %241 = icmp ne i32 %240, 0, !dbg !8270
  br i1 %241, label %243, label %242, !dbg !8271


243:                                              ; preds = %237, %231
  %244 = load %struct.tiff*, %struct.tiff** %4, align 8, !dbg !8274
  %245 = load i32, i32* %5, align 4, !dbg !8276
  %246 = load %struct.tiff*, %struct.tiff** %4, align 8, !dbg !8277
  %247 = getelementptr inbounds %struct.tiff, %struct.tiff* %246, i32 0, i32 45, !dbg !8278
  %248 = load i8*, i8** %247, align 8, !dbg !8278
  %249 = load i64, i64* %10, align 8, !dbg !8279
  %250 = call i64 @TIFFReadRawTile1(%struct.tiff* %244, i32 %245, i8* %248, i64 %249, i8* getelementptr inbounds ([13 x i8], [13 x i8]* @TIFFFillTile.module, i64 0, i64 0)), !dbg !8280
  %251 = load i64, i64* %10, align 8, !dbg !8281
  %252 = icmp ne i64 %250, %251, !dbg !8282
  br i1 %252, label %253, label %254, !dbg !8283


255:                                              ; preds = %225
  %256 = load %struct.tiff*, %struct.tiff** %4, align 8, !dbg !8287
  %257 = load i32, i32* %5, align 4, !dbg !8290
  %258 = load i64, i64* %10, align 8, !dbg !8291
  %259 = call i64 @TIFFReadRawStripOrTile2(%struct.tiff* %256, i32 %257, i32 0, i64 %258, i8* getelementptr inbounds ([13 x i8], [13 x i8]* @TIFFFillTile.module, i64 0, i64 0)), !dbg !8292
  %260 = load i64, i64* %10, align 8, !dbg !8293
  %261 = icmp ne i64 %259, %260, !dbg !8294
  br i1 %261, label %262, label %263, !dbg !8295


264:                                              ; preds = %263, %254
  %265 = load %struct.tiff*, %struct.tiff** %4, align 8, !dbg !8298
  %266 = getelementptr inbounds %struct.tiff, %struct.tiff* %265, i32 0, i32 47, !dbg !8299
  store i64 0, i64* %266, align 8, !dbg !8300
  %267 = load i64, i64* %10, align 8, !dbg !8301
  %268 = load %struct.tiff*, %struct.tiff** %4, align 8, !dbg !8302
  %269 = getelementptr inbounds %struct.tiff, %struct.tiff* %268, i32 0, i32 48, !dbg !8303
  store i64 %267, i64* %269, align 8, !dbg !8304
  %270 = load %struct.tiff*, %struct.tiff** %4, align 8, !dbg !8305
  %271 = getelementptr inbounds %struct.tiff, %struct.tiff* %270, i32 0, i32 3, !dbg !8305
  %272 = load i32, i32* %271, align 8, !dbg !8305
  %273 = load %struct.TIFFDirectory*, %struct.TIFFDirectory** %6, align 8, !dbg !8305
  %274 = getelementptr inbounds %struct.TIFFDirectory, %struct.TIFFDirectory* %273, i32 0, i32 13, !dbg !8305
  %275 = load i16, i16* %274, align 2, !dbg !8305
  %276 = zext i16 %275 to i32, !dbg !8305
  %277 = and i32 %272, %276, !dbg !8305
  %278 = icmp ne i32 %277, 0, !dbg !8305
  br i1 %278, label %292, label %279, !dbg !8307


279:                                              ; preds = %264
  %280 = load %struct.tiff*, %struct.tiff** %4, align 8, !dbg !8308
  %281 = getelementptr inbounds %struct.tiff, %struct.tiff* %280, i32 0, i32 3, !dbg !8309
  %282 = load i32, i32* %281, align 8, !dbg !8309
  %283 = and i32 %282, 256, !dbg !8310
  %284 = icmp eq i32 %283, 0, !dbg !8311
  br i1 %284, label %285, label %292, !dbg !8312

